<?xml version="1.0" encoding="UTF-8"?>
<!-- Generated by org.testng.reporters.JUnitXMLReporter -->
<testsuite ignored="4" hostname="DESKTOP-4ARGE4M" failures="0" tests="2" name="Test2" time="50.467" errors="0" timestamp="2025-06-08T19:31:44 IST">
  <testcase classname="campaign.CreateCampaignTest" name="CreateCampaignWithMandatoryFieldsTest" time="7.315"/>
  <testcase classname="campaign.CreateContactTest" name="CreateContactWithMandatoryFieldsTest" time="0.922"/>
  <testcase classname="utilityclasses.BaseClass" name="@AfterTest afterTest" time="0.0">
    <ignored/>
  </testcase> <!-- @AfterTest afterTest -->
  <testcase classname="utilityclasses.BaseClass" name="@BeforeTest beforeTest" time="0.0">
    <ignored/>
  </testcase> <!-- @BeforeTest beforeTest -->
  <testcase classname="utilityclasses.BaseClass" name="@BeforeSuite beforeSuite" time="0.0">
    <ignored/>
  </testcase> <!-- @BeforeSuite beforeSuite -->
  <testcase classname="utilityclasses.BaseClass" name="@AfterSuite afterSuite" time="0.0">
    <ignored/>
  </testcase> <!-- @AfterSuite afterSuite -->
</testsuite> <!-- Test2 -->
