<?xml version="1.0" encoding="UTF-8"?>
<!-- Generated by org.testng.reporters.JUnitXMLReporter -->
<testsuite ignored="1" hostname="DESKTOP-4ARGE4M" failures="0" tests="3" name="Regression" time="0.084" errors="0" timestamp="2025-06-21T10:50:19 IST">
  <testcase classname="pac1.Test1" name="demo" time="0.01"/>
  <testcase classname="pac2.Test2" name="test" time="0.002"/>
  <testcase classname="pac2.Test2" name="test1" time="0.003"/>
  <testcase classname="pac1.Test1" name="demo1" time="0.0">
    <ignored/>
  </testcase> <!-- demo1 -->
</testsuite> <!-- Regression -->
