<?xml version="1.0" encoding="UTF-8"?>
<testng-results ignored="0" total="3" passed="3" failed="0" skipped="0">
  <reporter-output>
  </reporter-output>
  <suite started-at="2025-06-21T10:50:19 IST" name="Suite" finished-at="2025-06-21T10:50:19 IST" duration-ms="84">
    <groups>
      <group name="Regression">
        <method signature="Test1.demo()[pri:0, instance:pac1.Test1@130d63be]" name="demo" class="pac1.Test1"/>
        <method signature="Test2.test()[pri:0, instance:pac2.Test2@3349e9bb]" name="test" class="pac2.Test2"/>
        <method signature="Test2.test1()[pri:0, instance:pac2.Test2@3349e9bb]" name="test1" class="pac2.Test2"/>
      </group> <!-- Regression -->
      <group name="Smoke">
        <method signature="Test1.demo()[pri:0, instance:pac1.Test1@130d63be]" name="demo" class="pac1.Test1"/>
      </group> <!-- Smoke -->
    </groups>
    <test started-at="2025-06-21T10:50:19 IST" name="Regression" finished-at="2025-06-21T10:50:19 IST" duration-ms="84">
      <class name="pac1.Test1">
        <test-method signature="demo()[pri:0, instance:pac1.Test1@130d63be]" started-at="2025-06-21T10:50:19 IST" name="demo" finished-at="2025-06-21T10:50:19 IST" duration-ms="10" status="PASS">
          <reporter-output>
          </reporter-output>
        </test-method> <!-- demo -->
      </class> <!-- pac1.Test1 -->
      <class name="pac2.Test2">
        <test-method signature="test()[pri:0, instance:pac2.Test2@3349e9bb]" started-at="2025-06-21T10:50:19 IST" name="test" finished-at="2025-06-21T10:50:19 IST" duration-ms="2" status="PASS">
          <reporter-output>
          </reporter-output>
        </test-method> <!-- test -->
        <test-method signature="test1()[pri:0, instance:pac2.Test2@3349e9bb]" started-at="2025-06-21T10:50:19 IST" name="test1" finished-at="2025-06-21T10:50:19 IST" duration-ms="3" status="PASS">
          <reporter-output>
          </reporter-output>
        </test-method> <!-- test1 -->
      </class> <!-- pac2.Test2 -->
    </test> <!-- Regression -->
  </suite> <!-- Suite -->
</testng-results>
