<?xml version="1.0" encoding="UTF-8"?>
<testng-results ignored="0" total="2" passed="2" failed="0" skipped="0">
  <reporter-output>
    <line>
      <![CDATA[Report Configuration]]>
    </line>
    <line>
      <![CDATA[===========CreateCampaignWithMandatoryFieldsTest Execution STARTED=======]]>
    </line>
    <line>
      <![CDATA[==========CreateCampaignWithMandatoryFieldsTest SUCCESS===========]]>
    </line>
    <line>
      <![CDATA[===========CreateContactWithMandatoryFieldsTest Execution STARTED=======]]>
    </line>
    <line>
      <![CDATA[==========CreateContactWithMandatoryFieldsTest SUCCESS===========]]>
    </line>
  </reporter-output>
  <suite started-at="2025-06-10T15:08:35 IST" name="Suite" finished-at="2025-06-10T15:08:50 IST" duration-ms="15296">
    <groups>
      <group name="smoke">
        <method signature="CreateCampaignTest.CreateCampaignWithMandatoryFieldsTest()[pri:0, instance:campaign.CreateCampaignTest@2a5c8d3f]" name="CreateCampaignWithMandatoryFieldsTest" class="campaign.CreateCampaignTest"/>
        <method signature="CreateContactTest.CreateContactWithMandatoryFieldsTest()[pri:0, instance:campaign.CreateContactTest@710f4dc7]" name="CreateContactWithMandatoryFieldsTest" class="campaign.CreateContactTest"/>
      </group> <!-- smoke -->
    </groups>
    <test started-at="2025-06-10T15:08:35 IST" name="Test" finished-at="2025-06-10T15:08:50 IST" duration-ms="15296">
      <class name="campaign.CreateContactTest">
        <test-method is-config="true" signature="beforeClass()[pri:0, instance:campaign.CreateContactTest@710f4dc7]" started-at="2025-06-10T15:08:43 IST" name="beforeClass" finished-at="2025-06-10T15:08:45 IST" duration-ms="1700" status="PASS">
          <reporter-output>
          </reporter-output>
        </test-method> <!-- beforeClass -->
        <test-method is-config="true" signature="beforeMethod()[pri:0, instance:campaign.CreateContactTest@710f4dc7]" started-at="2025-06-10T15:08:45 IST" name="beforeMethod" finished-at="2025-06-10T15:08:47 IST" duration-ms="2133" status="PASS">
          <reporter-output>
          </reporter-output>
        </test-method> <!-- beforeMethod -->
        <test-method signature="CreateContactWithMandatoryFieldsTest()[pri:0, instance:campaign.CreateContactTest@710f4dc7]" started-at="2025-06-10T15:08:47 IST" name="CreateContactWithMandatoryFieldsTest" finished-at="2025-06-10T15:08:48 IST" duration-ms="913" status="PASS">
          <reporter-output>
            <line>
              <![CDATA[===========CreateContactWithMandatoryFieldsTest Execution STARTED=======]]>
            </line>
            <line>
              <![CDATA[==========CreateContactWithMandatoryFieldsTest SUCCESS===========]]>
            </line>
          </reporter-output>
        </test-method> <!-- CreateContactWithMandatoryFieldsTest -->
        <test-method is-config="true" signature="afterMethod()[pri:0, instance:campaign.CreateContactTest@710f4dc7]" started-at="2025-06-10T15:08:48 IST" name="afterMethod" finished-at="2025-06-10T15:08:49 IST" duration-ms="775" status="PASS">
          <reporter-output>
          </reporter-output>
        </test-method> <!-- afterMethod -->
        <test-method is-config="true" signature="afterClass()[pri:0, instance:campaign.CreateContactTest@710f4dc7]" started-at="2025-06-10T15:08:49 IST" name="afterClass" finished-at="2025-06-10T15:08:50 IST" duration-ms="1266" status="PASS">
          <reporter-output>
          </reporter-output>
        </test-method> <!-- afterClass -->
      </class> <!-- campaign.CreateContactTest -->
      <class name="campaign.CreateCampaignTest">
        <test-method is-config="true" signature="beforeSuite()[pri:0, instance:campaign.CreateCampaignTest@2a5c8d3f]" started-at="2025-06-10T15:08:35 IST" name="beforeSuite" finished-at="2025-06-10T15:08:35 IST" duration-ms="14" status="PASS">
          <reporter-output>
          </reporter-output>
        </test-method> <!-- beforeSuite -->
        <test-method is-config="true" signature="beforeTest()[pri:0, instance:campaign.CreateCampaignTest@2a5c8d3f]" started-at="2025-06-10T15:08:35 IST" name="beforeTest" finished-at="2025-06-10T15:08:35 IST" duration-ms="1" status="PASS">
          <reporter-output>
          </reporter-output>
        </test-method> <!-- beforeTest -->
        <test-method is-config="true" signature="beforeClass()[pri:0, instance:campaign.CreateCampaignTest@2a5c8d3f]" started-at="2025-06-10T15:08:35 IST" name="beforeClass" finished-at="2025-06-10T15:08:37 IST" duration-ms="2590" status="PASS">
          <reporter-output>
          </reporter-output>
        </test-method> <!-- beforeClass -->
        <test-method is-config="true" signature="beforeMethod()[pri:0, instance:campaign.CreateCampaignTest@2a5c8d3f]" started-at="2025-06-10T15:08:37 IST" name="beforeMethod" finished-at="2025-06-10T15:08:39 IST" duration-ms="2192" status="PASS">
          <reporter-output>
          </reporter-output>
        </test-method> <!-- beforeMethod -->
        <test-method signature="CreateCampaignWithMandatoryFieldsTest()[pri:0, instance:campaign.CreateCampaignTest@2a5c8d3f]" started-at="2025-06-10T15:08:39 IST" name="CreateCampaignWithMandatoryFieldsTest" finished-at="2025-06-10T15:08:41 IST" duration-ms="1352" status="PASS">
          <reporter-output>
            <line>
              <![CDATA[===========CreateCampaignWithMandatoryFieldsTest Execution STARTED=======]]>
            </line>
            <line>
              <![CDATA[==========CreateCampaignWithMandatoryFieldsTest SUCCESS===========]]>
            </line>
          </reporter-output>
        </test-method> <!-- CreateCampaignWithMandatoryFieldsTest -->
        <test-method is-config="true" signature="afterMethod()[pri:0, instance:campaign.CreateCampaignTest@2a5c8d3f]" started-at="2025-06-10T15:08:41 IST" name="afterMethod" finished-at="2025-06-10T15:08:42 IST" duration-ms="978" status="PASS">
          <reporter-output>
          </reporter-output>
        </test-method> <!-- afterMethod -->
        <test-method is-config="true" signature="afterClass()[pri:0, instance:campaign.CreateCampaignTest@2a5c8d3f]" started-at="2025-06-10T15:08:42 IST" name="afterClass" finished-at="2025-06-10T15:08:43 IST" duration-ms="1336" status="PASS">
          <reporter-output>
          </reporter-output>
        </test-method> <!-- afterClass -->
        <test-method is-config="true" signature="afterTest()[pri:0, instance:campaign.CreateCampaignTest@2a5c8d3f]" started-at="2025-06-10T15:08:50 IST" name="afterTest" finished-at="2025-06-10T15:08:50 IST" duration-ms="0" status="PASS">
          <reporter-output>
          </reporter-output>
        </test-method> <!-- afterTest -->
        <test-method is-config="true" signature="afterSuite()[pri:0, instance:campaign.CreateCampaignTest@2a5c8d3f]" started-at="2025-06-10T15:08:50 IST" name="afterSuite" finished-at="2025-06-10T15:08:50 IST" duration-ms="0" status="PASS">
          <reporter-output>
          </reporter-output>
        </test-method> <!-- afterSuite -->
      </class> <!-- campaign.CreateCampaignTest -->
    </test> <!-- Test -->
  </suite> <!-- Suite -->
</testng-results>
